1768125369923|RESERVE|IPHONE_15|1
1768125369958|RESERVE|IPHONE_15|1
1768125369958|RESERVE|MACBOOK_PRO|1
1768125369958|RESERVE|MACBOOK_PRO|1
1768125369958|RESERVE|MACBOOK_PRO|1
1768125369958|RELEASE|IPHONE_15|1
1768126734696|RESERVE|TEST_IPHONE|1
1768127289280|RESERVE|MACBOOK_PRO|3
1768127319014|RESERVE|MACBOOK_PRO|5
1768127539840|RESERVE|FLASH_SALE_ITEM|1
1768127539840|RESERVE|FLASH_SALE_ITEM|1
1768127539840|RESERVE|FLASH_SALE_ITEM|1
1768127539840|RESERVE|FLASH_SALE_ITEM|1
1768127539840|RESERVE|FLASH_SALE_ITEM|1
1768127539840|RESERVE|FLASH_SALE_ITEM|1
1768127539840|RESERVE|FLASH_SALE_ITEM|1
1768127539840|RESERVE|FLASH_SALE_ITEM|1
1768127539840|RESERVE|FLASH_SALE_ITEM|1
1768127539840|RESERVE|FLASH_SALE_ITEM|1
1768127539840|RESERVE|FLASH_SALE_ITEM|1
1768127539840|RESERVE|FLASH_SALE_ITEM|1
1768127539840|RESERVE|FLASH_SALE_ITEM|1
1768127539840|RESERVE|FLASH_SALE_ITEM|1
1768127539840|RESERVE|FLASH_SALE_ITEM|1
1768127539840|RESERVE|FLASH_SALE_ITEM|1
1768127539840|RESERVE|FLASH_SALE_ITEM|1
1768127539840|RESERVE|FLASH_SALE_ITEM|1
1768127539840|RESERVE|FLASH_SALE_ITEM|1
1768127539840|RESERVE|FLASH_SALE_ITEM|1
1768127539840|RESERVE|FLASH_SALE_ITEM|1
1768127539840|RESERVE|FLASH_SALE_ITEM|1
1768127539841|RESERVE|FLASH_SALE_ITEM|1
1768127539841|RESERVE|FLASH_SALE_ITEM|1
1768127539841|RESERVE|FLASH_SALE_ITEM|1
1768127539841|RESERVE|FLASH_SALE_ITEM|1
1768127539841|RESERVE|FLASH_SALE_ITEM|1
1768127539841|RESERVE|FLASH_SALE_ITEM|1
1768127539841|RESERVE|FLASH_SALE_ITEM|1
1768127539841|RESERVE|FLASH_SALE_ITEM|1
1768127539841|RESERVE|FLASH_SALE_ITEM|1
1768127539841|RESERVE|FLASH_SALE_ITEM|1
1768127539841|RESERVE|FLASH_SALE_ITEM|1
1768127539841|RESERVE|FLASH_SALE_ITEM|1
1768127539841|RESERVE|FLASH_SALE_ITEM|1
1768127539841|RESERVE|FLASH_SALE_ITEM|1
1768127539841|RESERVE|FLASH_SALE_ITEM|1
1768127539841|RESERVE|FLASH_SALE_ITEM|1
1768127539841|RESERVE|FLASH_SALE_ITEM|1
1768127539841|RESERVE|FLASH_SALE_ITEM|1
1768127539841|RESERVE|FLASH_SALE_ITEM|1
1768127539841|RESERVE|FLASH_SALE_ITEM|1
1768127539841|RESERVE|FLASH_SALE_ITEM|1
1768127539841|RESERVE|FLASH_SALE_ITEM|1
1768127539841|RESERVE|FLASH_SALE_ITEM|1
1768127539841|RESERVE|FLASH_SALE_ITEM|1
1768127539841|RESERVE|FLASH_SALE_ITEM|1
1768127539841|RESERVE|FLASH_SALE_ITEM|1
1768127539841|RESERVE|FLASH_SALE_ITEM|1
1768127539841|RESERVE|FLASH_SALE_ITEM|1
1768127539841|RESERVE|FLASH_SALE_ITEM|1
1768127539841|RESERVE|FLASH_SALE_ITEM|1
1768127539841|RESERVE|FLASH_SALE_ITEM|1
1768127539841|RESERVE|FLASH_SALE_ITEM|1
1768127539841|RESERVE|FLASH_SALE_ITEM|1
1768127539841|RESERVE|FLASH_SALE_ITEM|1
1768127539841|RESERVE|FLASH_SALE_ITEM|1
1768127539841|RESERVE|FLASH_SALE_ITEM|1
1768127539841|RESERVE|FLASH_SALE_ITEM|1
1768127539841|RESERVE|FLASH_SALE_ITEM|1
1768127539841|RESERVE|FLASH_SALE_ITEM|1
1768127539841|RESERVE|FLASH_SALE_ITEM|1
1768127539841|RESERVE|FLASH_SALE_ITEM|1
1768127539841|RESERVE|FLASH_SALE_ITEM|1
1768127539841|RESERVE|FLASH_SALE_ITEM|1
1768127539841|RESERVE|FLASH_SALE_ITEM|1
1768127539841|RESERVE|FLASH_SALE_ITEM|1
1768127539841|RESERVE|FLASH_SALE_ITEM|1
1768127539841|RESERVE|FLASH_SALE_ITEM|1
1768127539841|RESERVE|FLASH_SALE_ITEM|1
1768127539841|RESERVE|FLASH_SALE_ITEM|1
1768127539841|RESERVE|FLASH_SALE_ITEM|1
1768127539841|RESERVE|FLASH_SALE_ITEM|1
1768127539841|RESERVE|FLASH_SALE_ITEM|1
1768127539841|RESERVE|FLASH_SALE_ITEM|1
1768127539841|RESERVE|FLASH_SALE_ITEM|1
1768127539841|RESERVE|FLASH_SALE_ITEM|1
1768127539841|RESERVE|FLASH_SALE_ITEM|1
1768127539841|RESERVE|FLASH_SALE_ITEM|1
1768127539841|RESERVE|FLASH_SALE_ITEM|1
1768127539841|RESERVE|FLASH_SALE_ITEM|1
1768127539841|RESERVE|FLASH_SALE_ITEM|1
1768127539841|RESERVE|FLASH_SALE_ITEM|1
1768127539841|RESERVE|FLASH_SALE_ITEM|1
1768127539841|RESERVE|FLASH_SALE_ITEM|1
1768127539841|RESERVE|FLASH_SALE_ITEM|1
1768127539841|RESERVE|FLASH_SALE_ITEM|1
1768127539841|RESERVE|FLASH_SALE_ITEM|1
1768127539841|RESERVE|FLASH_SALE_ITEM|1
1768127539841|RESERVE|FLASH_SALE_ITEM|1
1768127539841|RESERVE|FLASH_SALE_ITEM|1
1768127539841|RESERVE|FLASH_SALE_ITEM|1
1768127539841|RESERVE|FLASH_SALE_ITEM|1
1768127539841|RESERVE|FLASH_SALE_ITEM|1
1768127539841|RESERVE|FLASH_SALE_ITEM|1
1768127539841|RESERVE|FLASH_SALE_ITEM|1
1768127539841|RESERVE|FLASH_SALE_ITEM|1
1768127539841|RESERVE|FLASH_SALE_ITEM|1
1768127539841|RESERVE|FLASH_SALE_ITEM|1
1768127539841|RESERVE|FLASH_SALE_ITEM|1
1768128022019|RESERVE|SWAGGER_TEST_ITEM|1
1768128022019|RESERVE|SWAGGER_TEST_ITEM|1
1768128022019|RESERVE|SWAGGER_TEST_ITEM|1
1768128022020|RESERVE|SWAGGER_TEST_ITEM|1
1768128022020|RESERVE|SWAGGER_TEST_ITEM|1
1768128022018|RESERVE|SWAGGER_TEST_ITEM|1
1768128022019|RESERVE|SWAGGER_TEST_ITEM|1
1768128022020|RESERVE|SWAGGER_TEST_ITEM|1
1768128022019|RESERVE|SWAGGER_TEST_ITEM|1
1768128022020|RESERVE|SWAGGER_TEST_ITEM|1
1768128022019|RESERVE|SWAGGER_TEST_ITEM|1
1768128022018|RESERVE|SWAGGER_TEST_ITEM|1
1768128022020|RESERVE|SWAGGER_TEST_ITEM|1
1768128022020|RESERVE|SWAGGER_TEST_ITEM|1
1768128022019|RESERVE|SWAGGER_TEST_ITEM|1
1768128022019|RESERVE|SWAGGER_TEST_ITEM|1
1768128022019|RESERVE|SWAGGER_TEST_ITEM|1
1768128022019|RESERVE|SWAGGER_TEST_ITEM|1
1768128022019|RESERVE|SWAGGER_TEST_ITEM|1
1768128022019|RESERVE|SWAGGER_TEST_ITEM|1
1768128022019|RESERVE|SWAGGER_TEST_ITEM|1
1768128022019|RESERVE|SWAGGER_TEST_ITEM|1
1768128022019|RESERVE|SWAGGER_TEST_ITEM|1
1768128022019|RESERVE|SWAGGER_TEST_ITEM|1
1768128022020|RESERVE|SWAGGER_TEST_ITEM|1
1768128022019|RESERVE|SWAGGER_TEST_ITEM|1
1768128022020|RESERVE|SWAGGER_TEST_ITEM|1
1768128022019|RESERVE|SWAGGER_TEST_ITEM|1
1768128022019|RESERVE|SWAGGER_TEST_ITEM|1
1768128022019|RESERVE|SWAGGER_TEST_ITEM|1
1768128022019|RESERVE|SWAGGER_TEST_ITEM|1
1768128022019|RESERVE|SWAGGER_TEST_ITEM|1
1768128022020|RESERVE|SWAGGER_TEST_ITEM|1
1768128022019|RESERVE|SWAGGER_TEST_ITEM|1
1768128022019|RESERVE|SWAGGER_TEST_ITEM|1
1768128022020|RESERVE|SWAGGER_TEST_ITEM|1
1768128022020|RESERVE|SWAGGER_TEST_ITEM|1
1768128022019|RESERVE|SWAGGER_TEST_ITEM|1
1768128022020|RESERVE|SWAGGER_TEST_ITEM|1
1768128022019|RESERVE|SWAGGER_TEST_ITEM|1
1768128022020|RESERVE|SWAGGER_TEST_ITEM|1
1768128022019|RESERVE|SWAGGER_TEST_ITEM|1
1768128022020|RESERVE|SWAGGER_TEST_ITEM|1
1768128022019|RESERVE|SWAGGER_TEST_ITEM|1
1768128022019|RESERVE|SWAGGER_TEST_ITEM|1
1768128022018|RESERVE|SWAGGER_TEST_ITEM|1
1768128022019|RESERVE|SWAGGER_TEST_ITEM|1
1768128022020|RESERVE|SWAGGER_TEST_ITEM|1
1768128022018|RESERVE|SWAGGER_TEST_ITEM|1
1768128022019|RESERVE|SWAGGER_TEST_ITEM|1
1768128022043|RESERVE|SWAGGER_TEST_ITEM|1
1768128022043|RESERVE|SWAGGER_TEST_ITEM|1
1768128022043|RESERVE|SWAGGER_TEST_ITEM|1
1768128022043|RESERVE|SWAGGER_TEST_ITEM|1
1768128022043|RESERVE|SWAGGER_TEST_ITEM|1
1768128022043|RESERVE|SWAGGER_TEST_ITEM|1
1768128022043|RESERVE|SWAGGER_TEST_ITEM|1
1768128022043|RESERVE|SWAGGER_TEST_ITEM|1
1768128022043|RESERVE|SWAGGER_TEST_ITEM|1
1768128022043|RESERVE|SWAGGER_TEST_ITEM|1
1768128022043|RESERVE|SWAGGER_TEST_ITEM|1
1768128022043|RESERVE|SWAGGER_TEST_ITEM|1
1768128022043|RESERVE|SWAGGER_TEST_ITEM|1
1768128022043|RESERVE|SWAGGER_TEST_ITEM|1
1768128022043|RESERVE|SWAGGER_TEST_ITEM|1
1768128022043|RESERVE|SWAGGER_TEST_ITEM|1
1768128022043|RESERVE|SWAGGER_TEST_ITEM|1
1768128022043|RESERVE|SWAGGER_TEST_ITEM|1
1768128022043|RESERVE|SWAGGER_TEST_ITEM|1
1768128022043|RESERVE|SWAGGER_TEST_ITEM|1
1768128022043|RESERVE|SWAGGER_TEST_ITEM|1
1768128022043|RESERVE|SWAGGER_TEST_ITEM|1
1768128022043|RESERVE|SWAGGER_TEST_ITEM|1
1768128022043|RESERVE|SWAGGER_TEST_ITEM|1
1768128022043|RESERVE|SWAGGER_TEST_ITEM|1
1768128022043|RESERVE|SWAGGER_TEST_ITEM|1
1768128022043|RESERVE|SWAGGER_TEST_ITEM|1
1768128022043|RESERVE|SWAGGER_TEST_ITEM|1
1768128022043|RESERVE|SWAGGER_TEST_ITEM|1
1768128022043|RESERVE|SWAGGER_TEST_ITEM|1
1768128022043|RESERVE|SWAGGER_TEST_ITEM|1
1768128022043|RESERVE|SWAGGER_TEST_ITEM|1
1768128022043|RESERVE|SWAGGER_TEST_ITEM|1
1768128022043|RESERVE|SWAGGER_TEST_ITEM|1
1768128022043|RESERVE|SWAGGER_TEST_ITEM|1
1768128022043|RESERVE|SWAGGER_TEST_ITEM|1
1768128022043|RESERVE|SWAGGER_TEST_ITEM|1
1768128022043|RESERVE|SWAGGER_TEST_ITEM|1
1768128022043|RESERVE|SWAGGER_TEST_ITEM|1
1768128022043|RESERVE|SWAGGER_TEST_ITEM|1
1768128022043|RESERVE|SWAGGER_TEST_ITEM|1
1768128022043|RESERVE|SWAGGER_TEST_ITEM|1
1768128022043|RESERVE|SWAGGER_TEST_ITEM|1
1768128022043|RESERVE|SWAGGER_TEST_ITEM|1
1768128022043|RESERVE|SWAGGER_TEST_ITEM|1
1768128022043|RESERVE|SWAGGER_TEST_ITEM|1
1768128022043|RESERVE|SWAGGER_TEST_ITEM|1
1768128022043|RESERVE|SWAGGER_TEST_ITEM|1
1768128022043|RESERVE|SWAGGER_TEST_ITEM|1
1768128022043|RESERVE|SWAGGER_TEST_ITEM|1
1768128197719|RESERVE|SWAGGER_TEST_ITEM|1
1768128197718|RESERVE|SWAGGER_TEST_ITEM|1
1768128197718|RESERVE|SWAGGER_TEST_ITEM|1
1768128197718|RESERVE|SWAGGER_TEST_ITEM|1
1768128197718|RESERVE|SWAGGER_TEST_ITEM|1
1768128197718|RESERVE|SWAGGER_TEST_ITEM|1
1768128197719|RESERVE|SWAGGER_TEST_ITEM|1
1768128197718|RESERVE|SWAGGER_TEST_ITEM|1
1768128197720|RESERVE|SWAGGER_TEST_ITEM|1
1768128197719|RESERVE|SWAGGER_TEST_ITEM|1
1768128197720|RESERVE|SWAGGER_TEST_ITEM|1
1768128197718|RESERVE|SWAGGER_TEST_ITEM|1
1768128197718|RESERVE|SWAGGER_TEST_ITEM|1
1768128197718|RESERVE|SWAGGER_TEST_ITEM|1
1768128197719|RESERVE|SWAGGER_TEST_ITEM|1
1768128197719|RESERVE|SWAGGER_TEST_ITEM|1
1768128197719|RESERVE|SWAGGER_TEST_ITEM|1
1768128197718|RESERVE|SWAGGER_TEST_ITEM|1
1768128197718|RESERVE|SWAGGER_TEST_ITEM|1
1768128197719|RESERVE|SWAGGER_TEST_ITEM|1
1768128197718|RESERVE|SWAGGER_TEST_ITEM|1
1768128197719|RESERVE|SWAGGER_TEST_ITEM|1
1768128197718|RESERVE|SWAGGER_TEST_ITEM|1
1768128197719|RESERVE|SWAGGER_TEST_ITEM|1
1768128197719|RESERVE|SWAGGER_TEST_ITEM|1
1768128197718|RESERVE|SWAGGER_TEST_ITEM|1
1768128197718|RESERVE|SWAGGER_TEST_ITEM|1
1768128197718|RESERVE|SWAGGER_TEST_ITEM|1
1768128197719|RESERVE|SWAGGER_TEST_ITEM|1
1768128197718|RESERVE|SWAGGER_TEST_ITEM|1
1768128197719|RESERVE|SWAGGER_TEST_ITEM|1
1768128197720|RESERVE|SWAGGER_TEST_ITEM|1
1768128197718|RESERVE|SWAGGER_TEST_ITEM|1
1768128197720|RESERVE|SWAGGER_TEST_ITEM|1
1768128197718|RESERVE|SWAGGER_TEST_ITEM|1
1768128197718|RESERVE|SWAGGER_TEST_ITEM|1
1768128197718|RESERVE|SWAGGER_TEST_ITEM|1
1768128197720|RESERVE|SWAGGER_TEST_ITEM|1
1768128197718|RESERVE|SWAGGER_TEST_ITEM|1
1768128197719|RESERVE|SWAGGER_TEST_ITEM|1
1768128197718|RESERVE|SWAGGER_TEST_ITEM|1
1768128197719|RESERVE|SWAGGER_TEST_ITEM|1
1768128197720|RESERVE|SWAGGER_TEST_ITEM|1
1768128197718|RESERVE|SWAGGER_TEST_ITEM|1
1768128197719|RESERVE|SWAGGER_TEST_ITEM|1
1768128197720|RESERVE|SWAGGER_TEST_ITEM|1
1768128197720|RESERVE|SWAGGER_TEST_ITEM|1
1768128197720|RESERVE|SWAGGER_TEST_ITEM|1
1768128197720|RESERVE|SWAGGER_TEST_ITEM|1
1768128197718|RESERVE|SWAGGER_TEST_ITEM|1
1768128197720|RESERVE|SWAGGER_TEST_ITEM|1
1768128197720|RESERVE|SWAGGER_TEST_ITEM|1
1768128197721|RESERVE|SWAGGER_TEST_ITEM|1
1768128197721|RESERVE|SWAGGER_TEST_ITEM|1
1768128197721|RESERVE|SWAGGER_TEST_ITEM|1
1768128197721|RESERVE|SWAGGER_TEST_ITEM|1
1768128197721|RESERVE|SWAGGER_TEST_ITEM|1
1768128197721|RESERVE|SWAGGER_TEST_ITEM|1
1768128197721|RESERVE|SWAGGER_TEST_ITEM|1
1768128197721|RESERVE|SWAGGER_TEST_ITEM|1
1768128197721|RESERVE|SWAGGER_TEST_ITEM|1
1768128197721|RESERVE|SWAGGER_TEST_ITEM|1
1768128197721|RESERVE|SWAGGER_TEST_ITEM|1
1768128197721|RESERVE|SWAGGER_TEST_ITEM|1
1768128197721|RESERVE|SWAGGER_TEST_ITEM|1
1768128197722|RESERVE|SWAGGER_TEST_ITEM|1
1768128197722|RESERVE|SWAGGER_TEST_ITEM|1
1768128197722|RESERVE|SWAGGER_TEST_ITEM|1
1768128197722|RESERVE|SWAGGER_TEST_ITEM|1
1768128197722|RESERVE|SWAGGER_TEST_ITEM|1
1768128197722|RESERVE|SWAGGER_TEST_ITEM|1
1768128197722|RESERVE|SWAGGER_TEST_ITEM|1
1768128197722|RESERVE|SWAGGER_TEST_ITEM|1
1768128197722|RESERVE|SWAGGER_TEST_ITEM|1
1768128197722|RESERVE|SWAGGER_TEST_ITEM|1
1768128197722|RESERVE|SWAGGER_TEST_ITEM|1
1768128197722|RESERVE|SWAGGER_TEST_ITEM|1
1768128197722|RESERVE|SWAGGER_TEST_ITEM|1
1768128197722|RESERVE|SWAGGER_TEST_ITEM|1
1768128197722|RESERVE|SWAGGER_TEST_ITEM|1
1768128197722|RESERVE|SWAGGER_TEST_ITEM|1
1768128197722|RESERVE|SWAGGER_TEST_ITEM|1
1768128197722|RESERVE|SWAGGER_TEST_ITEM|1
1768128197722|RESERVE|SWAGGER_TEST_ITEM|1
1768128197722|RESERVE|SWAGGER_TEST_ITEM|1
1768128197722|RESERVE|SWAGGER_TEST_ITEM|1
1768128197722|RESERVE|SWAGGER_TEST_ITEM|1
1768128197722|RESERVE|SWAGGER_TEST_ITEM|1
1768128197722|RESERVE|SWAGGER_TEST_ITEM|1
1768128197722|RESERVE|SWAGGER_TEST_ITEM|1
1768128197722|RESERVE|SWAGGER_TEST_ITEM|1
1768128197723|RESERVE|SWAGGER_TEST_ITEM|1
1768128197722|RESERVE|SWAGGER_TEST_ITEM|1
1768128197723|RESERVE|SWAGGER_TEST_ITEM|1
1768128197723|RESERVE|SWAGGER_TEST_ITEM|1
1768128197723|RESERVE|SWAGGER_TEST_ITEM|1
1768128197723|RESERVE|SWAGGER_TEST_ITEM|1
1768128197723|RESERVE|SWAGGER_TEST_ITEM|1
1768128197722|RESERVE|SWAGGER_TEST_ITEM|1
1768128197723|RESERVE|SWAGGER_TEST_ITEM|1
1768128254292|RESERVE|SWAGGER_TEST_ITEM|1
1768128254288|RESERVE|SWAGGER_TEST_ITEM|1
1768128254284|RESERVE|SWAGGER_TEST_ITEM|1
1768128254290|RESERVE|SWAGGER_TEST_ITEM|1
1768128254284|RESERVE|SWAGGER_TEST_ITEM|1
1768128254359|RESERVE|SWAGGER_TEST_ITEM|1
1768128254359|RESERVE|SWAGGER_TEST_ITEM|1
1768128254360|RESERVE|SWAGGER_TEST_ITEM|1
1768128254360|RESERVE|SWAGGER_TEST_ITEM|1
1768128254360|RESERVE|SWAGGER_TEST_ITEM|1
1768128254360|RESERVE|SWAGGER_TEST_ITEM|1
1768128254360|RESERVE|SWAGGER_TEST_ITEM|1
1768128254360|RESERVE|SWAGGER_TEST_ITEM|1
1768128254360|RESERVE|SWAGGER_TEST_ITEM|1
1768128254360|RESERVE|SWAGGER_TEST_ITEM|1
1768128254360|RESERVE|SWAGGER_TEST_ITEM|1
1768128254360|RESERVE|SWAGGER_TEST_ITEM|1
1768128254360|RESERVE|SWAGGER_TEST_ITEM|1
1768128254360|RESERVE|SWAGGER_TEST_ITEM|1
1768128254360|RESERVE|SWAGGER_TEST_ITEM|1
1768128254360|RESERVE|SWAGGER_TEST_ITEM|1
1768128254360|RESERVE|SWAGGER_TEST_ITEM|1
1768128254360|RESERVE|SWAGGER_TEST_ITEM|1
1768128254360|RESERVE|SWAGGER_TEST_ITEM|1
1768128254360|RESERVE|SWAGGER_TEST_ITEM|1
1768128254360|RESERVE|SWAGGER_TEST_ITEM|1
1768128254360|RESERVE|SWAGGER_TEST_ITEM|1
1768128254360|RESERVE|SWAGGER_TEST_ITEM|1
1768128254360|RESERVE|SWAGGER_TEST_ITEM|1
1768128254360|RESERVE|SWAGGER_TEST_ITEM|1
1768128254360|RESERVE|SWAGGER_TEST_ITEM|1
1768128254360|RESERVE|SWAGGER_TEST_ITEM|1
1768128254360|RESERVE|SWAGGER_TEST_ITEM|1
1768128254360|RESERVE|SWAGGER_TEST_ITEM|1
1768128254361|RESERVE|SWAGGER_TEST_ITEM|1
1768128254361|RESERVE|SWAGGER_TEST_ITEM|1
1768128254361|RESERVE|SWAGGER_TEST_ITEM|1
1768128254361|RESERVE|SWAGGER_TEST_ITEM|1
1768128254361|RESERVE|SWAGGER_TEST_ITEM|1
1768128254361|RESERVE|SWAGGER_TEST_ITEM|1
1768128254361|RESERVE|SWAGGER_TEST_ITEM|1
1768128254361|RESERVE|SWAGGER_TEST_ITEM|1
1768128254361|RESERVE|SWAGGER_TEST_ITEM|1
1768128254361|RESERVE|SWAGGER_TEST_ITEM|1
1768128254361|RESERVE|SWAGGER_TEST_ITEM|1
1768128254361|RESERVE|SWAGGER_TEST_ITEM|1
1768128254361|RESERVE|SWAGGER_TEST_ITEM|1
1768128254361|RESERVE|SWAGGER_TEST_ITEM|1
1768128254361|RESERVE|SWAGGER_TEST_ITEM|1
1768128254361|RESERVE|SWAGGER_TEST_ITEM|1
1768128254362|RESERVE|SWAGGER_TEST_ITEM|1
1768128254362|RESERVE|SWAGGER_TEST_ITEM|1
1768128254362|RESERVE|SWAGGER_TEST_ITEM|1
1768128254362|RESERVE|SWAGGER_TEST_ITEM|1
1768128254362|RESERVE|SWAGGER_TEST_ITEM|1
1768128254288|RESERVE|SWAGGER_TEST_ITEM|1
1768128254288|RESERVE|SWAGGER_TEST_ITEM|1
1768128254292|RESERVE|SWAGGER_TEST_ITEM|1
1768128254288|RESERVE|SWAGGER_TEST_ITEM|1
1768128254284|RESERVE|SWAGGER_TEST_ITEM|1
1768128254291|RESERVE|SWAGGER_TEST_ITEM|1
1768128254287|RESERVE|SWAGGER_TEST_ITEM|1
1768128254289|RESERVE|SWAGGER_TEST_ITEM|1
1768128254289|RESERVE|SWAGGER_TEST_ITEM|1
1768128254288|RESERVE|SWAGGER_TEST_ITEM|1
1768128254288|RESERVE|SWAGGER_TEST_ITEM|1
1768128254289|RESERVE|SWAGGER_TEST_ITEM|1
1768128254284|RESERVE|SWAGGER_TEST_ITEM|1
1768128254292|RESERVE|SWAGGER_TEST_ITEM|1
1768128254288|RESERVE|SWAGGER_TEST_ITEM|1
1768128254291|RESERVE|SWAGGER_TEST_ITEM|1
1768128254288|RESERVE|SWAGGER_TEST_ITEM|1
1768128254289|RESERVE|SWAGGER_TEST_ITEM|1
1768128254285|RESERVE|SWAGGER_TEST_ITEM|1
1768128254288|RESERVE|SWAGGER_TEST_ITEM|1
1768128254289|RESERVE|SWAGGER_TEST_ITEM|1
1768128254288|RESERVE|SWAGGER_TEST_ITEM|1
1768128254289|RESERVE|SWAGGER_TEST_ITEM|1
1768128254292|RESERVE|SWAGGER_TEST_ITEM|1
1768128254290|RESERVE|SWAGGER_TEST_ITEM|1
1768128254291|RESERVE|SWAGGER_TEST_ITEM|1
1768128254293|RESERVE|SWAGGER_TEST_ITEM|1
1768128254290|RESERVE|SWAGGER_TEST_ITEM|1
1768128254290|RESERVE|SWAGGER_TEST_ITEM|1
1768128254289|RESERVE|SWAGGER_TEST_ITEM|1
1768128254290|RESERVE|SWAGGER_TEST_ITEM|1
1768128254290|RESERVE|SWAGGER_TEST_ITEM|1
1768128254289|RESERVE|SWAGGER_TEST_ITEM|1
1768128254286|RESERVE|SWAGGER_TEST_ITEM|1
1768128254288|RESERVE|SWAGGER_TEST_ITEM|1
1768128254292|RESERVE|SWAGGER_TEST_ITEM|1
1768128254288|RESERVE|SWAGGER_TEST_ITEM|1
1768128254289|RESERVE|SWAGGER_TEST_ITEM|1
1768128254289|RESERVE|SWAGGER_TEST_ITEM|1
1768128254290|RESERVE|SWAGGER_TEST_ITEM|1
1768128254289|RESERVE|SWAGGER_TEST_ITEM|1
1768128254290|RESERVE|SWAGGER_TEST_ITEM|1
1768128254288|RESERVE|SWAGGER_TEST_ITEM|1
1768128254292|RESERVE|SWAGGER_TEST_ITEM|1
1768128254290|RESERVE|SWAGGER_TEST_ITEM|1
1768128291511|RESERVE|SWAGGER_TEST_ITEM|1
1768128291511|RESERVE|SWAGGER_TEST_ITEM|1
1768128291511|RESERVE|SWAGGER_TEST_ITEM|1
1768128291511|RESERVE|SWAGGER_TEST_ITEM|1
1768128291511|RESERVE|SWAGGER_TEST_ITEM|1
1768128291511|RESERVE|SWAGGER_TEST_ITEM|1
1768128291511|RESERVE|SWAGGER_TEST_ITEM|1
1768128291512|RESERVE|SWAGGER_TEST_ITEM|1
1768128291512|RESERVE|SWAGGER_TEST_ITEM|1
1768128291512|RESERVE|SWAGGER_TEST_ITEM|1
1768128291512|RESERVE|SWAGGER_TEST_ITEM|1
1768128291512|RESERVE|SWAGGER_TEST_ITEM|1
1768128291512|RESERVE|SWAGGER_TEST_ITEM|1
1768128291512|RESERVE|SWAGGER_TEST_ITEM|1
1768128291512|RESERVE|SWAGGER_TEST_ITEM|1
1768128291512|RESERVE|SWAGGER_TEST_ITEM|1
1768128291512|RESERVE|SWAGGER_TEST_ITEM|1
1768128291512|RESERVE|SWAGGER_TEST_ITEM|1
1768128291512|RESERVE|SWAGGER_TEST_ITEM|1
1768128291512|RESERVE|SWAGGER_TEST_ITEM|1
1768128291512|RESERVE|SWAGGER_TEST_ITEM|1
1768128291512|RESERVE|SWAGGER_TEST_ITEM|1
1768128291512|RESERVE|SWAGGER_TEST_ITEM|1
1768128291512|RESERVE|SWAGGER_TEST_ITEM|1
1768128291512|RESERVE|SWAGGER_TEST_ITEM|1
1768128291512|RESERVE|SWAGGER_TEST_ITEM|1
1768128291512|RESERVE|SWAGGER_TEST_ITEM|1
1768128291512|RESERVE|SWAGGER_TEST_ITEM|1
1768128291512|RESERVE|SWAGGER_TEST_ITEM|1
1768128291512|RESERVE|SWAGGER_TEST_ITEM|1
1768128291512|RESERVE|SWAGGER_TEST_ITEM|1
1768128291512|RESERVE|SWAGGER_TEST_ITEM|1
1768128291512|RESERVE|SWAGGER_TEST_ITEM|1
1768128291512|RESERVE|SWAGGER_TEST_ITEM|1
1768128291512|RESERVE|SWAGGER_TEST_ITEM|1
1768128291512|RESERVE|SWAGGER_TEST_ITEM|1
1768128291512|RESERVE|SWAGGER_TEST_ITEM|1
1768128291512|RESERVE|SWAGGER_TEST_ITEM|1
1768128291512|RESERVE|SWAGGER_TEST_ITEM|1
1768128291512|RESERVE|SWAGGER_TEST_ITEM|1
1768128291512|RESERVE|SWAGGER_TEST_ITEM|1
1768128291512|RESERVE|SWAGGER_TEST_ITEM|1
1768128291512|RESERVE|SWAGGER_TEST_ITEM|1
1768128291512|RESERVE|SWAGGER_TEST_ITEM|1
1768128291512|RESERVE|SWAGGER_TEST_ITEM|1
1768128291512|RESERVE|SWAGGER_TEST_ITEM|1
1768128291512|RESERVE|SWAGGER_TEST_ITEM|1
1768128291512|RESERVE|SWAGGER_TEST_ITEM|1
1768128291512|RESERVE|SWAGGER_TEST_ITEM|1
1768128291512|RESERVE|SWAGGER_TEST_ITEM|1
1768128291512|RESERVE|SWAGGER_TEST_ITEM|1
1768128291512|RESERVE|SWAGGER_TEST_ITEM|1
1768128291512|RESERVE|SWAGGER_TEST_ITEM|1
1768128291513|RESERVE|SWAGGER_TEST_ITEM|1
1768128291513|RESERVE|SWAGGER_TEST_ITEM|1
1768128291513|RESERVE|SWAGGER_TEST_ITEM|1
1768128291513|RESERVE|SWAGGER_TEST_ITEM|1
1768128291513|RESERVE|SWAGGER_TEST_ITEM|1
1768128291513|RESERVE|SWAGGER_TEST_ITEM|1
1768128291513|RESERVE|SWAGGER_TEST_ITEM|1
1768128291513|RESERVE|SWAGGER_TEST_ITEM|1
1768128291513|RESERVE|SWAGGER_TEST_ITEM|1
1768128291513|RESERVE|SWAGGER_TEST_ITEM|1
1768128291513|RESERVE|SWAGGER_TEST_ITEM|1
1768128291513|RESERVE|SWAGGER_TEST_ITEM|1
1768128291513|RESERVE|SWAGGER_TEST_ITEM|1
1768128291513|RESERVE|SWAGGER_TEST_ITEM|1
1768128291513|RESERVE|SWAGGER_TEST_ITEM|1
1768128291513|RESERVE|SWAGGER_TEST_ITEM|1
1768128291513|RESERVE|SWAGGER_TEST_ITEM|1
1768128291513|RESERVE|SWAGGER_TEST_ITEM|1
1768128291513|RESERVE|SWAGGER_TEST_ITEM|1
1768128291513|RESERVE|SWAGGER_TEST_ITEM|1
1768128291513|RESERVE|SWAGGER_TEST_ITEM|1
1768128291513|RESERVE|SWAGGER_TEST_ITEM|1
1768128291513|RESERVE|SWAGGER_TEST_ITEM|1
1768128291513|RESERVE|SWAGGER_TEST_ITEM|1
1768128291513|RESERVE|SWAGGER_TEST_ITEM|1
1768128291513|RESERVE|SWAGGER_TEST_ITEM|1
1768128291513|RESERVE|SWAGGER_TEST_ITEM|1
1768128291513|RESERVE|SWAGGER_TEST_ITEM|1
1768128291513|RESERVE|SWAGGER_TEST_ITEM|1
1768128291513|RESERVE|SWAGGER_TEST_ITEM|1
1768128291513|RESERVE|SWAGGER_TEST_ITEM|1
1768128291513|RESERVE|SWAGGER_TEST_ITEM|1
1768128291513|RESERVE|SWAGGER_TEST_ITEM|1
1768128291513|RESERVE|SWAGGER_TEST_ITEM|1
1768128291513|RESERVE|SWAGGER_TEST_ITEM|1
1768128291513|RESERVE|SWAGGER_TEST_ITEM|1
1768128291513|RESERVE|SWAGGER_TEST_ITEM|1
1768128291513|RESERVE|SWAGGER_TEST_ITEM|1
1768128291513|RESERVE|SWAGGER_TEST_ITEM|1
1768128291513|RESERVE|SWAGGER_TEST_ITEM|1
1768128291513|RESERVE|SWAGGER_TEST_ITEM|1
1768128291513|RESERVE|SWAGGER_TEST_ITEM|1
1768128291513|RESERVE|SWAGGER_TEST_ITEM|1
1768128291513|RESERVE|SWAGGER_TEST_ITEM|1
1768128291513|RESERVE|SWAGGER_TEST_ITEM|1
1768128291512|RESERVE|SWAGGER_TEST_ITEM|1
1768128291513|RESERVE|SWAGGER_TEST_ITEM|1
1768128330183|RESERVE|SWAGGER_TEST_ITEM|1
1768128330184|RESERVE|SWAGGER_TEST_ITEM|1
1768128330184|RESERVE|SWAGGER_TEST_ITEM|1
1768128330184|RESERVE|SWAGGER_TEST_ITEM|1
1768128330183|RESERVE|SWAGGER_TEST_ITEM|1
1768128330184|RESERVE|SWAGGER_TEST_ITEM|1
1768128330184|RESERVE|SWAGGER_TEST_ITEM|1
1768128330186|RESERVE|SWAGGER_TEST_ITEM|1
1768128330184|RESERVE|SWAGGER_TEST_ITEM|1
1768128330184|RESERVE|SWAGGER_TEST_ITEM|1
1768128330184|RESERVE|SWAGGER_TEST_ITEM|1
1768128330183|RESERVE|SWAGGER_TEST_ITEM|1
1768128330186|RESERVE|SWAGGER_TEST_ITEM|1
1768128330184|RESERVE|SWAGGER_TEST_ITEM|1
1768128330183|RESERVE|SWAGGER_TEST_ITEM|1
1768128330184|RESERVE|SWAGGER_TEST_ITEM|1
1768128330184|RESERVE|SWAGGER_TEST_ITEM|1
1768128330184|RESERVE|SWAGGER_TEST_ITEM|1
1768128330184|RESERVE|SWAGGER_TEST_ITEM|1
1768128330184|RESERVE|SWAGGER_TEST_ITEM|1
1768128330184|RESERVE|SWAGGER_TEST_ITEM|1
1768128330184|RESERVE|SWAGGER_TEST_ITEM|1
1768128330183|RESERVE|SWAGGER_TEST_ITEM|1
1768128330184|RESERVE|SWAGGER_TEST_ITEM|1
1768128330184|RESERVE|SWAGGER_TEST_ITEM|1
1768128330184|RESERVE|SWAGGER_TEST_ITEM|1
1768128330184|RESERVE|SWAGGER_TEST_ITEM|1
1768128330184|RESERVE|SWAGGER_TEST_ITEM|1
1768128330184|RESERVE|SWAGGER_TEST_ITEM|1
1768128330184|RESERVE|SWAGGER_TEST_ITEM|1
1768128330184|RESERVE|SWAGGER_TEST_ITEM|1
1768128330184|RESERVE|SWAGGER_TEST_ITEM|1
1768128330186|RESERVE|SWAGGER_TEST_ITEM|1
1768128330183|RESERVE|SWAGGER_TEST_ITEM|1
1768128330184|RESERVE|SWAGGER_TEST_ITEM|1
1768128330183|RESERVE|SWAGGER_TEST_ITEM|1
1768128330184|RESERVE|SWAGGER_TEST_ITEM|1
1768128330184|RESERVE|SWAGGER_TEST_ITEM|1
1768128330183|RESERVE|SWAGGER_TEST_ITEM|1
1768128330184|RESERVE|SWAGGER_TEST_ITEM|1
1768128330184|RESERVE|SWAGGER_TEST_ITEM|1
1768128330185|RESERVE|SWAGGER_TEST_ITEM|1
1768128330184|RESERVE|SWAGGER_TEST_ITEM|1
1768128330184|RESERVE|SWAGGER_TEST_ITEM|1
1768128330184|RESERVE|SWAGGER_TEST_ITEM|1
1768128330184|RESERVE|SWAGGER_TEST_ITEM|1
1768128330184|RESERVE|SWAGGER_TEST_ITEM|1
1768128330185|RESERVE|SWAGGER_TEST_ITEM|1
1768128330183|RESERVE|SWAGGER_TEST_ITEM|1
1768128330184|RESERVE|SWAGGER_TEST_ITEM|1
1768128330195|RESERVE|SWAGGER_TEST_ITEM|1
1768128330195|RESERVE|SWAGGER_TEST_ITEM|1
1768128330195|RESERVE|SWAGGER_TEST_ITEM|1
1768128330195|RESERVE|SWAGGER_TEST_ITEM|1
1768128330195|RESERVE|SWAGGER_TEST_ITEM|1
1768128330195|RESERVE|SWAGGER_TEST_ITEM|1
1768128330195|RESERVE|SWAGGER_TEST_ITEM|1
1768128330195|RESERVE|SWAGGER_TEST_ITEM|1
1768128330195|RESERVE|SWAGGER_TEST_ITEM|1
1768128330195|RESERVE|SWAGGER_TEST_ITEM|1
1768128330195|RESERVE|SWAGGER_TEST_ITEM|1
1768128330195|RESERVE|SWAGGER_TEST_ITEM|1
1768128330195|RESERVE|SWAGGER_TEST_ITEM|1
1768128330195|RESERVE|SWAGGER_TEST_ITEM|1
1768128330195|RESERVE|SWAGGER_TEST_ITEM|1
1768128330195|RESERVE|SWAGGER_TEST_ITEM|1
1768128330195|RESERVE|SWAGGER_TEST_ITEM|1
1768128330195|RESERVE|SWAGGER_TEST_ITEM|1
1768128330195|RESERVE|SWAGGER_TEST_ITEM|1
1768128330195|RESERVE|SWAGGER_TEST_ITEM|1
1768128330195|RESERVE|SWAGGER_TEST_ITEM|1
1768128330195|RESERVE|SWAGGER_TEST_ITEM|1
1768128330195|RESERVE|SWAGGER_TEST_ITEM|1
1768128330195|RESERVE|SWAGGER_TEST_ITEM|1
1768128330195|RESERVE|SWAGGER_TEST_ITEM|1
1768128330195|RESERVE|SWAGGER_TEST_ITEM|1
1768128330195|RESERVE|SWAGGER_TEST_ITEM|1
1768128330195|RESERVE|SWAGGER_TEST_ITEM|1
1768128330195|RESERVE|SWAGGER_TEST_ITEM|1
1768128330195|RESERVE|SWAGGER_TEST_ITEM|1
1768128330195|RESERVE|SWAGGER_TEST_ITEM|1
1768128330195|RESERVE|SWAGGER_TEST_ITEM|1
1768128330195|RESERVE|SWAGGER_TEST_ITEM|1
1768128330195|RESERVE|SWAGGER_TEST_ITEM|1
1768128330195|RESERVE|SWAGGER_TEST_ITEM|1
1768128330195|RESERVE|SWAGGER_TEST_ITEM|1
1768128330195|RESERVE|SWAGGER_TEST_ITEM|1
1768128330195|RESERVE|SWAGGER_TEST_ITEM|1
1768128330195|RESERVE|SWAGGER_TEST_ITEM|1
1768128330195|RESERVE|SWAGGER_TEST_ITEM|1
1768128330195|RESERVE|SWAGGER_TEST_ITEM|1
1768128330195|RESERVE|SWAGGER_TEST_ITEM|1
1768128330195|RESERVE|SWAGGER_TEST_ITEM|1
1768128330195|RESERVE|SWAGGER_TEST_ITEM|1
1768128330195|RESERVE|SWAGGER_TEST_ITEM|1
1768128330195|RESERVE|SWAGGER_TEST_ITEM|1
1768128330195|RESERVE|SWAGGER_TEST_ITEM|1
1768128330195|RESERVE|SWAGGER_TEST_ITEM|1
1768128330195|RESERVE|SWAGGER_TEST_ITEM|1
1768128330195|RESERVE|SWAGGER_TEST_ITEM|1
1768128976547|RESERVE|KINDLE|1
1768128976541|RESERVE|IPHONE_15|1
1768128976540|RESERVE|APPLE_WATCH|1
1768128976542|RESERVE|IPHONE_15|1
1768128976548|RESERVE|KINDLE|1
1768128976542|RESERVE|APPLE_WATCH|1
1768128976549|RESERVE|AIRPODS_MAX|1
1768128976540|RESERVE|MACBOOK_PRO|1
1768128976541|RESERVE|APPLE_WATCH|1
1768128976541|RESERVE|MACBOOK_PRO|1
1768128976543|RESERVE|IPHONE_15|1
1768128976540|RESERVE|MACBOOK_PRO|1
1768128976542|RESERVE|KINDLE|1
1768128976542|RESERVE|MACBOOK_PRO|1
1768128976549|RESERVE|APPLE_WATCH|1
1768128976543|RESERVE|APPLE_WATCH|1
1768128976541|RESERVE|APPLE_WATCH|1
1768128976547|RESERVE|AIRPODS_MAX|1
1768128976548|RESERVE|IPHONE_15|1
1768128976542|RESERVE|AIRPODS_MAX|1
1768128976541|RESERVE|APPLE_WATCH|1
1768128976548|RESERVE|APPLE_WATCH|1
1768128976543|RESERVE|AIRPODS_MAX|1
1768128976541|RESERVE|APPLE_WATCH|1
1768128976543|RESERVE|APPLE_WATCH|1
1768128976548|RESERVE|APPLE_WATCH|1
1768128976540|RESERVE|AIRPODS_MAX|1
1768128976541|RESERVE|MACBOOK_PRO|1
1768128976548|RESERVE|KINDLE|1
1768128976541|RESERVE|AIRPODS_MAX|1
1768128976540|RESERVE|IPHONE_15|1
1768128976541|RESERVE|KINDLE|1
1768128976542|RESERVE|APPLE_WATCH|1
1768128976543|RESERVE|AIRPODS_MAX|1
1768128976541|RESERVE|IPHONE_15|1
1768128976544|RESERVE|APPLE_WATCH|1
1768128976543|RESERVE|IPHONE_15|1
1768128976547|RESERVE|APPLE_WATCH|1
1768128976546|RESERVE|KINDLE|1
1768128976542|RESERVE|MACBOOK_PRO|1
1768128976544|RESERVE|MACBOOK_PRO|1
1768128976541|RESERVE|IPHONE_15|1
1768128976540|RESERVE|KINDLE|1
1768128976549|RESERVE|MACBOOK_PRO|1
1768128976542|RESERVE|IPHONE_15|1
1768128976542|RESERVE|MACBOOK_PRO|1
1768128976542|RESERVE|KINDLE|1
1768128976548|RESERVE|AIRPODS_MAX|1
1768128976546|RESERVE|MACBOOK_PRO|1
1768128976541|RESERVE|KINDLE|1
1768128976541|RESERVE|AIRPODS_MAX|1
1768128976541|RESERVE|IPHONE_15|1
1768128976546|RESERVE|APPLE_WATCH|1
1768128976542|RESERVE|KINDLE|1
1768128976543|RESERVE|MACBOOK_PRO|1
1768128976542|RESERVE|AIRPODS_MAX|1
1768128976550|RESERVE|KINDLE|1
1768128976549|RESERVE|IPHONE_15|1
1768128976548|RESERVE|MACBOOK_PRO|1
1768128976541|RESERVE|AIRPODS_MAX|1
1768128976541|RESERVE|MACBOOK_PRO|1
1768128976543|RESERVE|KINDLE|1
1768128976548|RESERVE|MACBOOK_PRO|1
1768128976548|RESERVE|AIRPODS_MAX|1
1768128976541|RESERVE|KINDLE|1
1768128976541|RESERVE|IPHONE_15|1
1768128976549|RESERVE|AIRPODS_MAX|1
1768128976542|RESERVE|IPHONE_15|1
1768128976541|RESERVE|APPLE_WATCH|1
1768128976541|RESERVE|KINDLE|1
1768128976542|RESERVE|AIRPODS_MAX|1
1768128976542|RESERVE|IPHONE_15|1
1768128976541|RESERVE|APPLE_WATCH|1
1768128976549|RESERVE|KINDLE|1
1768128976549|RESERVE|MACBOOK_PRO|1
1768128976543|RESERVE|KINDLE|1
1768128976544|RESERVE|KINDLE|1
1768128976547|RESERVE|IPHONE_15|1
1768128976544|RESERVE|AIRPODS_MAX|1
1768128976542|RESERVE|APPLE_WATCH|1
1768128976540|RESERVE|IPHONE_15|1
1768128976541|RESERVE|AIRPODS_MAX|1
1768128976558|RESERVE|IPHONE_15|1
1768128976558|RESERVE|MACBOOK_PRO|1
1768128976558|RESERVE|AIRPODS_MAX|1
1768128976558|RESERVE|APPLE_WATCH|1
1768128976558|RESERVE|KINDLE|1
1768128976558|RESERVE|IPHONE_15|1
1768128976558|RESERVE|MACBOOK_PRO|1
1768128976542|RESERVE|MACBOOK_PRO|1
1768128976541|RESERVE|MACBOOK_PRO|1
1768128976558|RESERVE|APPLE_WATCH|1
1768128976558|RESERVE|KINDLE|1
1768128976558|RESERVE|IPHONE_15|1
1768128976558|RESERVE|AIRPODS_MAX|1
1768128976558|RESERVE|MACBOOK_PRO|1
1768128976558|RESERVE|AIRPODS_MAX|1
1768128976558|RESERVE|APPLE_WATCH|1
1768128976558|RESERVE|KINDLE|1
1768128976558|RESERVE|IPHONE_15|1
1768128976558|RESERVE|MACBOOK_PRO|1
1768128976558|RESERVE|AIRPODS_MAX|1
1768128976558|RESERVE|APPLE_WATCH|1
1768128976558|RESERVE|KINDLE|1
1768128976558|RESERVE|IPHONE_15|1
1768128976558|RESERVE|MACBOOK_PRO|1
1768128976558|RESERVE|AIRPODS_MAX|1
1768128976558|RESERVE|APPLE_WATCH|1
1768128976558|RESERVE|KINDLE|1
1768128976558|RESERVE|IPHONE_15|1
1768128976558|RESERVE|MACBOOK_PRO|1
1768128976558|RESERVE|AIRPODS_MAX|1
1768128976558|RESERVE|APPLE_WATCH|1
1768128976558|RESERVE|KINDLE|1
1768128976558|RESERVE|IPHONE_15|1
1768128976558|RESERVE|MACBOOK_PRO|1
1768128976558|RESERVE|AIRPODS_MAX|1
1768128976558|RESERVE|APPLE_WATCH|1
1768128976558|RESERVE|KINDLE|1
1768128976558|RESERVE|IPHONE_15|1
1768128976558|RESERVE|AIRPODS_MAX|1
1768128976558|RESERVE|MACBOOK_PRO|1
1768128976558|RESERVE|IPHONE_15|1
1768128976558|RESERVE|APPLE_WATCH|1
1768128976558|RESERVE|MACBOOK_PRO|1
1768128976558|RESERVE|KINDLE|1
1768128976558|RESERVE|KINDLE|1
1768128976558|RESERVE|AIRPODS_MAX|1
1768128976558|RESERVE|APPLE_WATCH|1
1768128976558|RESERVE|IPHONE_15|1
1768128976558|RESERVE|MACBOOK_PRO|1
1768128976558|RESERVE|AIRPODS_MAX|1
1768128976558|RESERVE|KINDLE|1
1768128976558|RESERVE|APPLE_WATCH|1
1768128976558|RESERVE|IPHONE_15|1
1768128976558|RESERVE|MACBOOK_PRO|1
1768128976558|RESERVE|AIRPODS_MAX|1
1768128976558|RESERVE|APPLE_WATCH|1
1768128976541|RESERVE|KINDLE|1
1768128976558|RESERVE|IPHONE_15|1
1768128976558|RESERVE|KINDLE|1
1768128976558|RESERVE|MACBOOK_PRO|1
1768128976558|RESERVE|AIRPODS_MAX|1
1768128976558|RESERVE|KINDLE|1
1768128976558|RESERVE|APPLE_WATCH|1
1768128976558|RESERVE|MACBOOK_PRO|1
1768128976558|RESERVE|IPHONE_15|1
1768128976558|RESERVE|AIRPODS_MAX|1
1768128976558|RESERVE|APPLE_WATCH|1
1768128976558|RESERVE|KINDLE|1
1768128976558|RESERVE|IPHONE_15|1
1768128976558|RESERVE|MACBOOK_PRO|1
1768128976558|RESERVE|AIRPODS_MAX|1
1768128976558|RESERVE|APPLE_WATCH|1
1768128976558|RESERVE|KINDLE|1
1768128976558|RESERVE|IPHONE_15|1
1768128976558|RESERVE|MACBOOK_PRO|1
1768128976558|RESERVE|APPLE_WATCH|1
1768128976558|RESERVE|AIRPODS_MAX|1
1768128976558|RESERVE|KINDLE|1
1768128976558|RESERVE|IPHONE_15|1
1768128976558|RESERVE|KINDLE|1
1768128976558|RESERVE|MACBOOK_PRO|1
1768128976558|RESERVE|AIRPODS_MAX|1
1768128976558|RESERVE|APPLE_WATCH|1
1768128976558|RESERVE|IPHONE_15|1
1768128976558|RESERVE|KINDLE|1
1768128976558|RESERVE|AIRPODS_MAX|1
1768128976558|RESERVE|MACBOOK_PRO|1
1768128976558|RESERVE|APPLE_WATCH|1
1768128976558|RESERVE|IPHONE_15|1
1768128976558|RESERVE|KINDLE|1
1768128976558|RESERVE|MACBOOK_PRO|1
1768128976558|RESERVE|APPLE_WATCH|1
1768128976558|RESERVE|AIRPODS_MAX|1
1768128976558|RESERVE|IPHONE_15|1
1768128976558|RESERVE|MACBOOK_PRO|1
1768128976558|RESERVE|AIRPODS_MAX|1
1768128976549|RESERVE|IPHONE_15|1
1768128976558|RESERVE|IPHONE_15|1
1768128976558|RESERVE|KINDLE|1
1768128976558|RESERVE|APPLE_WATCH|1
1768128976558|RESERVE|MACBOOK_PRO|1
1768128976558|RESERVE|IPHONE_15|1
1768128976558|RESERVE|APPLE_WATCH|1
1768128976558|RESERVE|KINDLE|1
1768128976558|RESERVE|AIRPODS_MAX|1
1768128976558|RESERVE|MACBOOK_PRO|1
1768128976558|RESERVE|IPHONE_15|1
1768128976558|RESERVE|APPLE_WATCH|1
1768128976558|RESERVE|KINDLE|1
1768128976558|RESERVE|AIRPODS_MAX|1
1768128976558|RESERVE|AIRPODS_MAX|1
1768128976558|RESERVE|MACBOOK_PRO|1
1768128976558|RESERVE|KINDLE|1
1768128976558|RESERVE|APPLE_WATCH|1
1768128976558|RESERVE|MACBOOK_PRO|1
1768128976558|RESERVE|IPHONE_15|1
1768128976558|RESERVE|AIRPODS_MAX|1
1768128976559|RESERVE|MACBOOK_PRO|1
1768128976559|RESERVE|KINDLE|1
1768128976559|RESERVE|APPLE_WATCH|1
1768128976559|RESERVE|AIRPODS_MAX|1
1768128976559|RESERVE|APPLE_WATCH|1
1768128976559|RESERVE|KINDLE|1
1768128976559|RESERVE|IPHONE_15|1
1768128976559|RESERVE|AIRPODS_MAX|1
1768128976559|RESERVE|MACBOOK_PRO|1
1768128976559|RESERVE|APPLE_WATCH|1
1768128976559|RESERVE|KINDLE|1
1768128976559|RESERVE|IPHONE_15|1
1768128976559|RESERVE|IPHONE_15|1
1768128976559|RESERVE|MACBOOK_PRO|1
1768128976559|RESERVE|APPLE_WATCH|1
1768128976559|RESERVE|AIRPODS_MAX|1
1768128976559|RESERVE|IPHONE_15|1
1768128976559|RESERVE|MACBOOK_PRO|1
1768128976559|RESERVE|KINDLE|1
1768128976559|RESERVE|AIRPODS_MAX|1
1768128976559|RESERVE|APPLE_WATCH|1
1768128976559|RESERVE|KINDLE|1
1768128976559|RESERVE|IPHONE_15|1
1768128976559|RESERVE|KINDLE|1
1768128976559|RESERVE|AIRPODS_MAX|1
1768128976559|RESERVE|APPLE_WATCH|1
1768128976559|RESERVE|MACBOOK_PRO|1
1768128976559|RESERVE|IPHONE_15|1
1768128976559|RESERVE|MACBOOK_PRO|1
1768128976559|RESERVE|KINDLE|1
1768128976559|RESERVE|MACBOOK_PRO|1
1768128976559|RESERVE|APPLE_WATCH|1
1768128976559|RESERVE|IPHONE_15|1
1768128976559|RESERVE|AIRPODS_MAX|1
1768128976559|RESERVE|AIRPODS_MAX|1
1768128976559|RESERVE|APPLE_WATCH|1
1768128976559|RESERVE|KINDLE|1
1768128976541|RESERVE|AIRPODS_MAX|1
1768128976547|RESERVE|IPHONE_15|1
1768128976541|RESERVE|AIRPODS_MAX|1
1768128976541|RESERVE|KINDLE|1
1768128976541|RESERVE|MACBOOK_PRO|1
1768128976545|RESERVE|IPHONE_15|1
1768128976546|RESERVE|AIRPODS_MAX|1
1768128976544|RESERVE|AIRPODS_MAX|1
1768128976549|RESERVE|APPLE_WATCH|1
1768128976544|RESERVE|MACBOOK_PRO|1
1768128976545|RESERVE|KINDLE|1
1768128976544|RESERVE|APPLE_WATCH|1
1768128976546|RESERVE|IPHONE_15|1
1768128976546|RESERVE|MACBOOK_PRO|1
